Started GET "/" for ::1 at 2016-06-24 14:03:17 +0800

ActiveRecord::PendingMigrationError - 

Migrations are pending. To resolve this issue, run:

	bin/rails db:migrate RAILS_ENV=development

:
  activerecord (5.0.0.rc1) lib/active_record/migration.rb:572:in `check_pending!'
  activerecord (5.0.0.rc1) lib/active_record/migration.rb:548:in `call'
  actionpack (5.0.0.rc1) lib/action_dispatch/middleware/callbacks.rb:38:in `block in call'
  activesupport (5.0.0.rc1) lib/active_support/callbacks.rb:97:in `__run_callbacks__'
  activesupport (5.0.0.rc1) lib/active_support/callbacks.rb:750:in `_run_call_callbacks'
  activesupport (5.0.0.rc1) lib/active_support/callbacks.rb:90:in `run_callbacks'
  actionpack (5.0.0.rc1) lib/action_dispatch/middleware/callbacks.rb:36:in `call'
  actionpack (5.0.0.rc1) lib/action_dispatch/middleware/executor.rb:12:in `call'
  actionpack (5.0.0.rc1) lib/action_dispatch/middleware/remote_ip.rb:79:in `call'
  better_errors (2.1.1) lib/better_errors/middleware.rb:84:in `protected_app_call'
  better_errors (2.1.1) lib/better_errors/middleware.rb:79:in `better_errors_call'
  better_errors (2.1.1) lib/better_errors/middleware.rb:57:in `call'
  actionpack (5.0.0.rc1) lib/action_dispatch/middleware/debug_exceptions.rb:49:in `call'
  web-console (3.2.1) lib/web_console/middleware.rb:131:in `call_app'
  web-console (3.2.1) lib/web_console/middleware.rb:28:in `block in call'
  web-console (3.2.1) lib/web_console/middleware.rb:18:in `call'
  actionpack (5.0.0.rc1) lib/action_dispatch/middleware/show_exceptions.rb:31:in `call'
  railties (5.0.0.rc1) lib/rails/rack/logger.rb:36:in `call_app'
  railties (5.0.0.rc1) lib/rails/rack/logger.rb:24:in `block in call'
  activesupport (5.0.0.rc1) lib/active_support/tagged_logging.rb:70:in `block in tagged'
  activesupport (5.0.0.rc1) lib/active_support/tagged_logging.rb:26:in `tagged'
  activesupport (5.0.0.rc1) lib/active_support/tagged_logging.rb:70:in `tagged'
  railties (5.0.0.rc1) lib/rails/rack/logger.rb:24:in `call'
  actionpack (5.0.0.rc1) lib/action_dispatch/middleware/request_id.rb:24:in `call'
  rack (2.0.0.rc1) lib/rack/method_override.rb:22:in `call'
  rack (2.0.0.rc1) lib/rack/runtime.rb:22:in `call'
  activesupport (5.0.0.rc1) lib/active_support/cache/strategy/local_cache_middleware.rb:28:in `call'
  actionpack (5.0.0.rc1) lib/action_dispatch/middleware/executor.rb:12:in `call'
  actionpack (5.0.0.rc1) lib/action_dispatch/middleware/static.rb:136:in `call'
  rack (2.0.0.rc1) lib/rack/sendfile.rb:111:in `call'
  railties (5.0.0.rc1) lib/rails/engine.rb:522:in `call'
  puma (3.4.0) lib/puma/configuration.rb:224:in `call'
  puma (3.4.0) lib/puma/server.rb:569:in `handle_request'
  puma (3.4.0) lib/puma/server.rb:406:in `process_client'
  puma (3.4.0) lib/puma/server.rb:271:in `block in run'
  puma (3.4.0) lib/puma/thread_pool.rb:114:in `block in spawn_thread'

Started POST "/__better_errors/995bd26c04276fcd/variables" for ::1 at 2016-06-24 14:03:17 +0800
  [1m[35m (0.8ms)[0m  [1m[35mCREATE TABLE "schema_migrations" ("version" varchar NOT NULL PRIMARY KEY)[0m
  [1m[35m (0.8ms)[0m  [1m[35mCREATE TABLE "ar_internal_metadata" ("key" varchar NOT NULL PRIMARY KEY, "value" varchar, "created_at" datetime NOT NULL, "updated_at" datetime NOT NULL)[0m
  [1m[36mActiveRecord::SchemaMigration Load (0.1ms)[0m  [1m[34mSELECT "schema_migrations".* FROM "schema_migrations"[0m
Migrating to CreateUsers (20160615102721)
  [1m[35m (0.1ms)[0m  [1m[36mbegin transaction[0m
  [1m[35m (0.4ms)[0m  [1m[35mCREATE TABLE "users" ("id" INTEGER PRIMARY KEY AUTOINCREMENT NOT NULL, "email" varchar, "password_digest" varchar, "created_at" datetime NOT NULL, "updated_at" datetime NOT NULL)[0m
  [1m[35mSQL (0.1ms)[0m  [1m[32mINSERT INTO "schema_migrations" ("version") VALUES (?)[0m  [["version", "20160615102721"]]
  [1m[35m (0.6ms)[0m  [1m[36mcommit transaction[0m
Migrating to CreatePosts (20160616064539)
  [1m[35m (0.1ms)[0m  [1m[36mbegin transaction[0m
  [1m[35m (0.4ms)[0m  [1m[35mCREATE TABLE "posts" ("id" INTEGER PRIMARY KEY AUTOINCREMENT NOT NULL, "title" varchar, "body" text, "user_id" integer, "created_at" datetime NOT NULL, "updated_at" datetime NOT NULL)[0m
  [1m[35m (0.3ms)[0m  [1m[34mselect sqlite_version(*)[0m
  [1m[35m (0.2ms)[0m  [1m[35mCREATE  INDEX "index_posts_on_user_id" ON "posts" ("user_id")[0m
  [1m[35mSQL (0.1ms)[0m  [1m[32mINSERT INTO "schema_migrations" ("version") VALUES (?)[0m  [["version", "20160616064539"]]
  [1m[35m (0.5ms)[0m  [1m[36mcommit transaction[0m
  [1m[36mActiveRecord::InternalMetadata Load (1.1ms)[0m  [1m[34mSELECT  "ar_internal_metadata".* FROM "ar_internal_metadata" ORDER BY "ar_internal_metadata"."key" ASC LIMIT ?[0m  [["LIMIT", 1]]
  [1m[35m (0.1ms)[0m  [1m[36mbegin transaction[0m
  [1m[35mSQL (0.2ms)[0m  [1m[32mINSERT INTO "ar_internal_metadata" ("key", "value", "created_at", "updated_at") VALUES (?, ?, ?, ?)[0m  [["key", "environment"], ["value", "development"], ["created_at", 2016-06-24 06:03:37 UTC], ["updated_at", 2016-06-24 06:03:37 UTC]]
  [1m[35m (0.5ms)[0m  [1m[36mcommit transaction[0m
  [1m[36mActiveRecord::SchemaMigration Load (0.2ms)[0m  [1m[34mSELECT "schema_migrations".* FROM "schema_migrations"[0m
  [1m[35m (0.1ms)[0m  [1m[34m            SELECT sql
            FROM sqlite_master
            WHERE name='index_posts_on_user_id' AND type='index'
            UNION ALL
            SELECT sql
            FROM sqlite_temp_master
            WHERE name='index_posts_on_user_id' AND type='index'
[0m
Started GET "/" for ::1 at 2016-06-24 14:03:48 +0800
  [1m[36mActiveRecord::SchemaMigration Load (0.1ms)[0m  [1m[34mSELECT "schema_migrations".* FROM "schema_migrations"[0m
Processing by HomeController#index as HTML
  Rendering home/index.html.erb within layouts/application
  [1m[36mUser Load (0.1ms)[0m  [1m[34mSELECT  "users".* FROM "users" WHERE "users"."id" IS NULL LIMIT ?[0m  [["LIMIT", 1]]
  [1m[36mPost Load (0.2ms)[0m  [1m[34mSELECT "posts".* FROM "posts" ORDER BY created_at desc[0m
  Rendered home/index.html.erb within layouts/application (15.3ms)
Completed 200 OK in 433ms (Views: 417.6ms | ActiveRecord: 0.7ms)


Started GET "/sign_up" for ::1 at 2016-06-24 14:03:55 +0800
Processing by UsersController#new as HTML
  Rendering users/new.html.erb within layouts/application
  Rendered users/_form.html.erb (25.1ms)
  Rendered users/new.html.erb within layouts/application (28.5ms)
Completed 200 OK in 60ms (Views: 48.3ms | ActiveRecord: 0.8ms)


Started GET "/" for ::1 at 2016-06-24 17:10:50 +0800
  [1m[36mActiveRecord::SchemaMigration Load (0.5ms)[0m  [1m[34mSELECT "schema_migrations".* FROM "schema_migrations"[0m
Processing by HomeController#index as HTML
  Rendering home/index.html.erb within layouts/application
  [1m[36mUser Load (0.4ms)[0m  [1m[34mSELECT  "users".* FROM "users" WHERE "users"."id" IS NULL LIMIT ?[0m  [["LIMIT", 1]]
  [1m[36mPost Load (0.4ms)[0m  [1m[34mSELECT "posts".* FROM "posts" ORDER BY created_at desc[0m
  Rendered home/index.html.erb within layouts/application (24.3ms)
Completed 200 OK in 290ms (Views: 271.6ms | ActiveRecord: 1.3ms)


Started GET "/sign_up" for ::1 at 2016-06-24 17:10:57 +0800
Processing by UsersController#new as HTML
  Rendering users/new.html.erb within layouts/application
  Rendered users/_form.html.erb (23.9ms)
  Rendered users/new.html.erb within layouts/application (27.6ms)
Completed 200 OK in 59ms (Views: 48.7ms | ActiveRecord: 0.8ms)


Started POST "/users" for ::1 at 2016-06-24 17:11:05 +0800
Processing by UsersController#create as HTML
  Parameters: {"utf8"=>"✓", "authenticity_token"=>"76Mn0NG0UZtaB2McEynF8YwBBVeThoRdUi+NqwOdu5xEPilkTSgnkrFX1Kold3VyI6GB9wct6WxPpdktwlg6EQ==", "user"=>{"email"=>"gab@gmail.com", "password"=>"[FILTERED]"}, "commit"=>"Sign Up"}
  [1m[35m (0.1ms)[0m  [1m[36mbegin transaction[0m
  [1m[36mUser Exists (0.1ms)[0m  [1m[34mSELECT  1 AS one FROM "users" WHERE "users"."email" = ? LIMIT ?[0m  [["email", "gab@gmail.com"], ["LIMIT", 1]]
  [1m[35mSQL (0.5ms)[0m  [1m[32mINSERT INTO "users" ("email", "password_digest", "created_at", "updated_at") VALUES (?, ?, ?, ?)[0m  [["email", "gab@gmail.com"], ["password_digest", "$2a$10$hn4V0zTSFjXcSbFXi4eA3eUoONDoFbI2ibS1zgBHhAIlCKkbr77/e"], ["created_at", 2016-06-24 09:11:05 UTC], ["updated_at", 2016-06-24 09:11:05 UTC]]
  [1m[35m (1.0ms)[0m  [1m[36mcommit transaction[0m
Redirected to http://localhost:3000/
Completed 302 Found in 103ms (ActiveRecord: 1.7ms)


Started GET "/" for ::1 at 2016-06-24 17:11:05 +0800
Processing by HomeController#index as HTML
  Rendering home/index.html.erb within layouts/application
  [1m[36mUser Load (0.2ms)[0m  [1m[34mSELECT  "users".* FROM "users" WHERE "users"."id" IS NULL LIMIT ?[0m  [["LIMIT", 1]]
  [1m[36mPost Load (0.1ms)[0m  [1m[34mSELECT "posts".* FROM "posts" ORDER BY created_at desc[0m
  Rendered home/index.html.erb within layouts/application (2.4ms)
Completed 200 OK in 22ms (Views: 19.8ms | ActiveRecord: 0.3ms)


Started GET "/sessions/new" for ::1 at 2016-06-24 17:11:06 +0800
Processing by SessionsController#new as HTML
  Rendering sessions/new.html.erb within layouts/application
  Rendered sessions/new.html.erb within layouts/application (2.5ms)
Completed 200 OK in 32ms (Views: 27.3ms | ActiveRecord: 0.0ms)


Started POST "/sessions/create" for ::1 at 2016-06-24 17:11:12 +0800
Processing by SessionsController#create as HTML
  Parameters: {"utf8"=>"✓", "authenticity_token"=>"ts+cwVPXRYfL0+t8rkGhEbUEA2xCafVttKKHfpRR3DrLe0KlUkW1sSUHsWZ2T+qIqXh/SjIOzEiXNrJil8k0Xw==", "email"=>"gab@gmail.com", "password"=>"[FILTERED]"}
  [1m[36mUser Load (0.2ms)[0m  [1m[34mSELECT  "users".* FROM "users" WHERE "users"."email" = ? LIMIT ?[0m  [["email", "gab@gmail.com"], ["LIMIT", 1]]
Redirected to http://localhost:3000/
Completed 302 Found in 67ms (ActiveRecord: 0.2ms)


Started GET "/" for ::1 at 2016-06-24 17:11:12 +0800
Processing by HomeController#index as HTML
  Rendering home/index.html.erb within layouts/application
  [1m[36mUser Load (0.1ms)[0m  [1m[34mSELECT  "users".* FROM "users" WHERE "users"."id" = ? LIMIT ?[0m  [["id", 1], ["LIMIT", 1]]
  [1m[36mPost Load (0.1ms)[0m  [1m[34mSELECT "posts".* FROM "posts" ORDER BY created_at desc[0m
  Rendered home/index.html.erb within layouts/application (2.5ms)
Completed 200 OK in 24ms (Views: 22.0ms | ActiveRecord: 0.3ms)


Started GET "/users/1/posts/new" for ::1 at 2016-06-24 17:11:17 +0800
Processing by PostsController#new as HTML
  Parameters: {"user_id"=>"1"}
  [1m[36mUser Load (0.2ms)[0m  [1m[34mSELECT  "users".* FROM "users" WHERE "users"."id" = ? LIMIT ?[0m  [["id", 1], ["LIMIT", 1]]
  Rendering posts/new.html.erb within layouts/application
  Rendered posts/_form.html.erb (6.9ms)
  Rendered posts/new.html.erb within layouts/application (8.8ms)
Completed 200 OK in 69ms (Views: 38.6ms | ActiveRecord: 0.5ms)


Started POST "/users/1/posts" for ::1 at 2016-06-24 17:11:26 +0800
Processing by PostsController#create as HTML
  Parameters: {"utf8"=>"✓", "authenticity_token"=>"yjKobWORb/DveqauwX6Zo7tFhKyXLJIpjjZWXbD7X+PPTuvc6Wi136vvQhUPEi7hh1KjS2IWvJrvp6hO1jjTdw==", "post"=>{"title"=>"I am a lamma", "body"=>"haha banana", "user_id"=>"1"}, "commit"=>"Create Post", "user_id"=>"1"}
  [1m[36mUser Load (0.1ms)[0m  [1m[34mSELECT  "users".* FROM "users" WHERE "users"."id" = ? LIMIT ?[0m  [["id", 1], ["LIMIT", 1]]
Unpermitted parameter: user_id
  [1m[35m (0.1ms)[0m  [1m[36mbegin transaction[0m
  [1m[35mSQL (1.4ms)[0m  [1m[32mINSERT INTO "posts" ("title", "body", "user_id", "created_at", "updated_at") VALUES (?, ?, ?, ?, ?)[0m  [["title", "I am a lamma"], ["body", "haha banana"], ["user_id", 1], ["created_at", 2016-06-24 09:11:26 UTC], ["updated_at", 2016-06-24 09:11:26 UTC]]
  [1m[35m (0.7ms)[0m  [1m[36mcommit transaction[0m
Redirected to http://localhost:3000/users/1/posts/1
Completed 302 Found in 9ms (ActiveRecord: 2.2ms)


Started GET "/users/1/posts/1" for ::1 at 2016-06-24 17:11:26 +0800
Processing by PostsController#show as HTML
  Parameters: {"user_id"=>"1", "id"=>"1"}
  [1m[36mPost Load (0.2ms)[0m  [1m[34mSELECT  "posts".* FROM "posts" WHERE "posts"."id" = ? LIMIT ?[0m  [["id", 1], ["LIMIT", 1]]
  Rendering posts/show.html.erb within layouts/application
  [1m[36mUser Load (0.1ms)[0m  [1m[34mSELECT  "users".* FROM "users" WHERE "users"."id" = ? LIMIT ?[0m  [["id", 1], ["LIMIT", 1]]
  [1m[36mCACHE (0.0ms)[0m  [1m[34mSELECT  "users".* FROM "users" WHERE "users"."id" = ? LIMIT ?[0m  [["id", 1], ["LIMIT", 1]]
  Rendered posts/show.html.erb within layouts/application (4.4ms)
Completed 200 OK in 31ms (Views: 26.7ms | ActiveRecord: 0.4ms)


Started GET "/users/1/posts" for ::1 at 2016-06-24 17:11:43 +0800
Processing by PostsController#index as HTML
  Parameters: {"user_id"=>"1"}
  Rendering posts/index.html.erb within layouts/application
  [1m[36mPost Load (0.2ms)[0m  [1m[34mSELECT "posts".* FROM "posts"[0m
  [1m[36mUser Load (0.1ms)[0m  [1m[34mSELECT  "users".* FROM "users" WHERE "users"."id" = ? LIMIT ?[0m  [["id", 1], ["LIMIT", 1]]
  [1m[36mCACHE (0.1ms)[0m  [1m[34mSELECT  "users".* FROM "users" WHERE "users"."id" = ? LIMIT ?[0m  [["id", 1], ["LIMIT", 1]]
  Rendered posts/index.html.erb within layouts/application (10.5ms)
Completed 200 OK in 51ms (Views: 46.6ms | ActiveRecord: 0.4ms)


Started GET "/" for ::1 at 2016-06-26 21:33:56 +0800
  [1m[36mActiveRecord::SchemaMigration Load (0.4ms)[0m  [1m[34mSELECT "schema_migrations".* FROM "schema_migrations"[0m
Processing by HomeController#index as HTML
  Rendering home/index.html.erb within layouts/application
  [1m[36mUser Load (0.4ms)[0m  [1m[34mSELECT  "users".* FROM "users" WHERE "users"."id" = ? LIMIT ?[0m  [["id", 1], ["LIMIT", 1]]
  [1m[36mPost Load (0.4ms)[0m  [1m[34mSELECT "posts".* FROM "posts" ORDER BY created_at desc[0m
  Rendered home/index.html.erb within layouts/application (33.9ms)
Completed 200 OK in 347ms (Views: 325.5ms | ActiveRecord: 1.8ms)


Started GET "/posts" for ::1 at 2016-06-26 21:34:04 +0800
  
ActionController::RoutingError (No route matches [GET] "/posts"):
  
actionpack (5.0.0.rc1) lib/action_dispatch/middleware/debug_exceptions.rb:53:in `call'
web-console (3.2.1) lib/web_console/middleware.rb:131:in `call_app'
web-console (3.2.1) lib/web_console/middleware.rb:28:in `block in call'
web-console (3.2.1) lib/web_console/middleware.rb:18:in `catch'
web-console (3.2.1) lib/web_console/middleware.rb:18:in `call'
actionpack (5.0.0.rc1) lib/action_dispatch/middleware/show_exceptions.rb:31:in `call'
railties (5.0.0.rc1) lib/rails/rack/logger.rb:36:in `call_app'
railties (5.0.0.rc1) lib/rails/rack/logger.rb:24:in `block in call'
activesupport (5.0.0.rc1) lib/active_support/tagged_logging.rb:70:in `block in tagged'
activesupport (5.0.0.rc1) lib/active_support/tagged_logging.rb:26:in `tagged'
activesupport (5.0.0.rc1) lib/active_support/tagged_logging.rb:70:in `tagged'
railties (5.0.0.rc1) lib/rails/rack/logger.rb:24:in `call'
actionpack (5.0.0.rc1) lib/action_dispatch/middleware/request_id.rb:24:in `call'
rack (2.0.0.rc1) lib/rack/method_override.rb:22:in `call'
rack (2.0.0.rc1) lib/rack/runtime.rb:22:in `call'
activesupport (5.0.0.rc1) lib/active_support/cache/strategy/local_cache_middleware.rb:28:in `call'
actionpack (5.0.0.rc1) lib/action_dispatch/middleware/executor.rb:12:in `call'
actionpack (5.0.0.rc1) lib/action_dispatch/middleware/static.rb:136:in `call'
rack (2.0.0.rc1) lib/rack/sendfile.rb:111:in `call'
railties (5.0.0.rc1) lib/rails/engine.rb:522:in `call'
puma (3.4.0) lib/puma/configuration.rb:224:in `call'
puma (3.4.0) lib/puma/server.rb:569:in `handle_request'
puma (3.4.0) lib/puma/server.rb:406:in `process_client'
puma (3.4.0) lib/puma/server.rb:271:in `block in run'
puma (3.4.0) lib/puma/thread_pool.rb:114:in `block in spawn_thread'
  Rendering /Users/Gabrielle/.rvm/gems/ruby-2.3.0/gems/actionpack-5.0.0.rc1/lib/action_dispatch/middleware/templates/rescues/routing_error.html.erb within rescues/layout
  Rendering /Users/Gabrielle/.rvm/gems/ruby-2.3.0/gems/actionpack-5.0.0.rc1/lib/action_dispatch/middleware/templates/rescues/_trace.html.erb
  Rendered /Users/Gabrielle/.rvm/gems/ruby-2.3.0/gems/actionpack-5.0.0.rc1/lib/action_dispatch/middleware/templates/rescues/_trace.html.erb (1.2ms)
  Rendered collection of /Users/Gabrielle/.rvm/gems/ruby-2.3.0/gems/actionpack-5.0.0.rc1/lib/action_dispatch/middleware/templates/routes/_route.html.erb [16 times] (7.9ms)
  Rendered /Users/Gabrielle/.rvm/gems/ruby-2.3.0/gems/actionpack-5.0.0.rc1/lib/action_dispatch/middleware/templates/routes/_table.html.erb (10.9ms)
  Rendering /Users/Gabrielle/.rvm/gems/ruby-2.3.0/gems/actionpack-5.0.0.rc1/lib/action_dispatch/middleware/templates/rescues/_request_and_response.html.erb
  Rendered /Users/Gabrielle/.rvm/gems/ruby-2.3.0/gems/actionpack-5.0.0.rc1/lib/action_dispatch/middleware/templates/rescues/_request_and_response.html.erb (0.9ms)
  Rendered /Users/Gabrielle/.rvm/gems/ruby-2.3.0/gems/actionpack-5.0.0.rc1/lib/action_dispatch/middleware/templates/rescues/routing_error.html.erb within rescues/layout (100.3ms)
Started GET "/users/1/posts" for ::1 at 2016-06-26 21:34:29 +0800
Processing by PostsController#index as HTML
  Parameters: {"user_id"=>"1"}
  Rendering posts/index.html.erb within layouts/application
  [1m[36mPost Load (0.3ms)[0m  [1m[34mSELECT "posts".* FROM "posts"[0m
  [1m[36mUser Load (0.1ms)[0m  [1m[34mSELECT  "users".* FROM "users" WHERE "users"."id" = ? LIMIT ?[0m  [["id", 1], ["LIMIT", 1]]
  [1m[36mCACHE (0.0ms)[0m  [1m[34mSELECT  "users".* FROM "users" WHERE "users"."id" = ? LIMIT ?[0m  [["id", 1], ["LIMIT", 1]]
  Rendered posts/index.html.erb within layouts/application (28.3ms)
Completed 200 OK in 53ms (Views: 50.4ms | ActiveRecord: 0.4ms)


Started GET "/" for ::1 at 2016-06-26 21:34:40 +0800
Processing by HomeController#index as HTML
  Rendering home/index.html.erb within layouts/application
  [1m[36mUser Load (0.1ms)[0m  [1m[34mSELECT  "users".* FROM "users" WHERE "users"."id" = ? LIMIT ?[0m  [["id", 1], ["LIMIT", 1]]
  [1m[36mPost Load (0.1ms)[0m  [1m[34mSELECT "posts".* FROM "posts" ORDER BY created_at desc[0m
  Rendered home/index.html.erb within layouts/application (2.6ms)
Completed 200 OK in 26ms (Views: 23.2ms | ActiveRecord: 0.2ms)


Started GET "/users/1/posts" for ::1 at 2016-06-26 21:35:11 +0800
Processing by PostsController#index as HTML
  Parameters: {"user_id"=>"1"}
  Rendering posts/index.html.erb within layouts/application
  [1m[36mPost Load (0.1ms)[0m  [1m[34mSELECT "posts".* FROM "posts"[0m
  [1m[36mUser Load (0.1ms)[0m  [1m[34mSELECT  "users".* FROM "users" WHERE "users"."id" = ? LIMIT ?[0m  [["id", 1], ["LIMIT", 1]]
  [1m[36mCACHE (0.0ms)[0m  [1m[34mSELECT  "users".* FROM "users" WHERE "users"."id" = ? LIMIT ?[0m  [["id", 1], ["LIMIT", 1]]
  Rendered posts/index.html.erb within layouts/application (3.7ms)
Completed 200 OK in 42ms (Views: 38.5ms | ActiveRecord: 0.3ms)


Started GET "/posts" for ::1 at 2016-06-27 16:38:51 +0800
  [1m[36mActiveRecord::SchemaMigration Load (0.4ms)[0m  [1m[34mSELECT "schema_migrations".* FROM "schema_migrations"[0m
  
ActionController::RoutingError (No route matches [GET] "/posts"):
  
actionpack (5.0.0.rc1) lib/action_dispatch/middleware/debug_exceptions.rb:53:in `call'
web-console (3.2.1) lib/web_console/middleware.rb:131:in `call_app'
web-console (3.2.1) lib/web_console/middleware.rb:28:in `block in call'
web-console (3.2.1) lib/web_console/middleware.rb:18:in `catch'
web-console (3.2.1) lib/web_console/middleware.rb:18:in `call'
actionpack (5.0.0.rc1) lib/action_dispatch/middleware/show_exceptions.rb:31:in `call'
railties (5.0.0.rc1) lib/rails/rack/logger.rb:36:in `call_app'
railties (5.0.0.rc1) lib/rails/rack/logger.rb:24:in `block in call'
activesupport (5.0.0.rc1) lib/active_support/tagged_logging.rb:70:in `block in tagged'
activesupport (5.0.0.rc1) lib/active_support/tagged_logging.rb:26:in `tagged'
activesupport (5.0.0.rc1) lib/active_support/tagged_logging.rb:70:in `tagged'
railties (5.0.0.rc1) lib/rails/rack/logger.rb:24:in `call'
actionpack (5.0.0.rc1) lib/action_dispatch/middleware/request_id.rb:24:in `call'
rack (2.0.0.rc1) lib/rack/method_override.rb:22:in `call'
rack (2.0.0.rc1) lib/rack/runtime.rb:22:in `call'
activesupport (5.0.0.rc1) lib/active_support/cache/strategy/local_cache_middleware.rb:28:in `call'
actionpack (5.0.0.rc1) lib/action_dispatch/middleware/executor.rb:12:in `call'
actionpack (5.0.0.rc1) lib/action_dispatch/middleware/static.rb:136:in `call'
rack (2.0.0.rc1) lib/rack/sendfile.rb:111:in `call'
railties (5.0.0.rc1) lib/rails/engine.rb:522:in `call'
puma (3.4.0) lib/puma/configuration.rb:224:in `call'
puma (3.4.0) lib/puma/server.rb:569:in `handle_request'
puma (3.4.0) lib/puma/server.rb:406:in `process_client'
puma (3.4.0) lib/puma/server.rb:271:in `block in run'
puma (3.4.0) lib/puma/thread_pool.rb:114:in `block in spawn_thread'
  Rendering /Users/Gabrielle/.rvm/gems/ruby-2.3.0/gems/actionpack-5.0.0.rc1/lib/action_dispatch/middleware/templates/rescues/routing_error.html.erb within rescues/layout
  Rendering /Users/Gabrielle/.rvm/gems/ruby-2.3.0/gems/actionpack-5.0.0.rc1/lib/action_dispatch/middleware/templates/rescues/_trace.html.erb
  Rendered /Users/Gabrielle/.rvm/gems/ruby-2.3.0/gems/actionpack-5.0.0.rc1/lib/action_dispatch/middleware/templates/rescues/_trace.html.erb (1.0ms)
  Rendered collection of /Users/Gabrielle/.rvm/gems/ruby-2.3.0/gems/actionpack-5.0.0.rc1/lib/action_dispatch/middleware/templates/routes/_route.html.erb [15 times] (8.9ms)
  Rendered /Users/Gabrielle/.rvm/gems/ruby-2.3.0/gems/actionpack-5.0.0.rc1/lib/action_dispatch/middleware/templates/routes/_table.html.erb (7.6ms)
  Rendering /Users/Gabrielle/.rvm/gems/ruby-2.3.0/gems/actionpack-5.0.0.rc1/lib/action_dispatch/middleware/templates/rescues/_request_and_response.html.erb
  Rendered /Users/Gabrielle/.rvm/gems/ruby-2.3.0/gems/actionpack-5.0.0.rc1/lib/action_dispatch/middleware/templates/rescues/_request_and_response.html.erb (9.2ms)
  Rendered /Users/Gabrielle/.rvm/gems/ruby-2.3.0/gems/actionpack-5.0.0.rc1/lib/action_dispatch/middleware/templates/rescues/routing_error.html.erb within rescues/layout (110.1ms)
Started GET "/" for ::1 at 2016-06-27 16:38:54 +0800
Processing by HomeController#index as HTML
  Rendering home/index.html.erb within layouts/application
  [1m[36mUser Load (0.4ms)[0m  [1m[34mSELECT  "users".* FROM "users" WHERE "users"."id" = ? LIMIT ?[0m  [["id", 1], ["LIMIT", 1]]
  [1m[36mPost Load (0.4ms)[0m  [1m[34mSELECT "posts".* FROM "posts" ORDER BY created_at desc[0m
  Rendered home/index.html.erb within layouts/application (29.5ms)
Completed 200 OK in 252ms (Views: 238.7ms | ActiveRecord: 2.0ms)


Started GET "/users/1/posts/new" for ::1 at 2016-06-27 16:38:58 +0800
Processing by PostsController#new as HTML
  Parameters: {"user_id"=>"1"}
  [1m[36mUser Load (0.3ms)[0m  [1m[34mSELECT  "users".* FROM "users" WHERE "users"."id" = ? LIMIT ?[0m  [["id", 1], ["LIMIT", 1]]
  Rendering posts/new.html.erb within layouts/application
  Rendered posts/_form.html.erb (10.3ms)
  Rendered posts/new.html.erb within layouts/application (12.2ms)
Completed 200 OK in 63ms (Views: 30.5ms | ActiveRecord: 0.3ms)


